<?xml version="1.0" encoding="UTF-8"?>
<!-- Generated by org.testng.reporters.JUnitReportReporter -->
<testsuite hostname="HarshadaM" failures="0" tests="5" name="test.selenium_automation.datadriverntesting_multipledata" time="16.670" errors="0" timestamp="2026-05-21T10:12:29 IST" skipped="0">
  <testcase classname="test.selenium_automation.datadriverntesting_multipledata" name="swaglab_login_logout" time="7.232"/>
  <testcase classname="test.selenium_automation.datadriverntesting_multipledata" name="swaglab_login_logout" time="2.247"/>
  <testcase classname="test.selenium_automation.datadriverntesting_multipledata" name="swaglab_login_logout" time="2.308"/>
  <testcase classname="test.selenium_automation.datadriverntesting_multipledata" name="swaglab_login_logout" time="2.195"/>
  <testcase classname="test.selenium_automation.datadriverntesting_multipledata" name="swaglab_login_logout" time="2.688"/>
</testsuite> <!-- test.selenium_automation.datadriverntesting_multipledata -->
