<?xml version="1.0" encoding="UTF-8"?>
<!-- Generated by org.testng.reporters.JUnitReportReporter -->
<testsuite hostname="HarshadaM" failures="0" tests="3" name="test.selenium_automation.FirstProjectTestNG" time="0.033" errors="0" timestamp="2026-05-20T12:00:01 IST" skipped="0">
  <testcase classname="test.selenium_automation.FirstProjectTestNG" name="first" time="0.004"/>
  <testcase classname="test.selenium_automation.FirstProjectTestNG" name="second" time="0.004"/>
  <testcase classname="test.selenium_automation.FirstProjectTestNG" name="Third" time="0.025"/>
</testsuite> <!-- test.selenium_automation.FirstProjectTestNG -->
