<?xml version="1.0" encoding="UTF-8"?>
<!-- Generated by org.testng.reporters.JUnitReportReporter -->
<testsuite hostname="HarshadaM" failures="0" tests="2" name="test.selenium_automation.ParameterizedTestNG" time="0.015" errors="0" timestamp="2026-05-21T09:38:23 IST" skipped="0">
  <testcase classname="test.selenium_automation.ParameterizedTestNG" name="display" time="0.003"/>
  <testcase classname="test.selenium_automation.ParameterizedTestNG" name="add" time="0.012"/>
</testsuite> <!-- test.selenium_automation.ParameterizedTestNG -->
