<?xml version="1.0" encoding="UTF-8"?>
<!-- Generated by org.testng.reporters.JUnitReportReporter -->
<testsuite hostname="HarshadaM" failures="0" tests="18" name="test.selenium_automation.PriorityCheck" time="0.038" errors="0" timestamp="2026-05-20T09:28:06 IST" skipped="0">
  <testcase classname="test.selenium_automation.PriorityCheck" name="minusefive" time="0.009"/>
  <testcase classname="test.selenium_automation.PriorityCheck" name="minusthree" time="0.003"/>
  <testcase classname="test.selenium_automation.PriorityCheck" name="fethodf2" time="0.001"/>
  <testcase classname="test.selenium_automation.PriorityCheck" name="hsrahda" time="0.001"/>
  <testcase classname="test.selenium_automation.PriorityCheck" name="methdf" time="0.002"/>
  <testcase classname="test.selenium_automation.PriorityCheck" name="minusone" time="0.002"/>
  <testcase classname="test.selenium_automation.PriorityCheck" name="no" time="0.002"/>
  <testcase classname="test.selenium_automation.PriorityCheck" name="zero2" time="0.002"/>
  <testcase classname="test.selenium_automation.PriorityCheck" name="nopri" time="0.002"/>
  <testcase classname="test.selenium_automation.PriorityCheck" name="noprio" time="0.001"/>
  <testcase classname="test.selenium_automation.PriorityCheck" name="minuszero" time="0.002"/>
  <testcase classname="test.selenium_automation.PriorityCheck" name="tero4" time="0.002"/>
  <testcase classname="test.selenium_automation.PriorityCheck" name="display" time="0.001"/>
  <testcase classname="test.selenium_automation.PriorityCheck" name="show" time="0.002"/>
  <testcase classname="test.selenium_automation.PriorityCheck" name="zero1" time="0.001"/>
  <testcase classname="test.selenium_automation.PriorityCheck" name="one" time="0.002"/>
  <testcase classname="test.selenium_automation.PriorityCheck" name="Two" time="0.002"/>
  <testcase classname="test.selenium_automation.PriorityCheck" name="ten" time="0.001"/>
</testsuite> <!-- test.selenium_automation.PriorityCheck -->
