<?xml version="1.0" encoding="UTF-8"?>
<testng-results ignored="0" total="1" passed="1" failed="0" skipped="0">
  <reporter-output>
  </reporter-output>
  <suite started-at="2026-05-25T09:40:34 IST" name="Default suite" finished-at="2026-05-25T09:40:40 IST" duration-ms="6261">
    <groups>
    </groups>
    <test started-at="2026-05-25T09:40:34 IST" name="Default test" finished-at="2026-05-25T09:40:40 IST" duration-ms="6261">
      <class name="test.selenium_automation.Assertion">
        <test-method signature="check()[pri:0, instance:test.selenium_automation.Assertion@175c2241]" started-at="2026-05-25T09:40:34 IST" name="check" finished-at="2026-05-25T09:40:40 IST" duration-ms="6205" status="PASS">
          <reporter-output>
          </reporter-output>
        </test-method> <!-- check -->
      </class> <!-- test.selenium_automation.Assertion -->
    </test> <!-- Default test -->
  </suite> <!-- Default suite -->
</testng-results>
