<?xml version="1.0" encoding="UTF-8"?>
<testng-results ignored="0" total="1" passed="1" failed="0" skipped="0">
  <reporter-output>
  </reporter-output>
  <suite started-at="2026-05-21T09:05:52 IST" name="Default suite" finished-at="2026-05-21T09:05:52 IST" duration-ms="58">
    <groups>
    </groups>
    <test started-at="2026-05-21T09:05:52 IST" name="Default test" finished-at="2026-05-21T09:05:52 IST" duration-ms="58">
      <class name="test.selenium_automation.AnnotationTestNG">
        <test-method is-config="true" signature="beforeSuite()[pri:0, instance:test.selenium_automation.AnnotationTestNG@3d285d7e]" started-at="2026-05-21T09:05:52 IST" name="beforeSuite" finished-at="2026-05-21T09:05:52 IST" duration-ms="11" status="PASS">
          <reporter-output>
          </reporter-output>
        </test-method> <!-- beforeSuite -->
        <test-method is-config="true" signature="show()[pri:0, instance:test.selenium_automation.AnnotationTestNG@3d285d7e]" started-at="2026-05-21T09:05:52 IST" name="show" finished-at="2026-05-21T09:05:52 IST" duration-ms="1" status="PASS">
          <reporter-output>
          </reporter-output>
        </test-method> <!-- show -->
        <test-method is-config="true" signature="beforeclass()[pri:0, instance:test.selenium_automation.AnnotationTestNG@3d285d7e]" started-at="2026-05-21T09:05:52 IST" name="beforeclass" finished-at="2026-05-21T09:05:52 IST" duration-ms="1" status="PASS">
          <reporter-output>
          </reporter-output>
        </test-method> <!-- beforeclass -->
        <test-method is-config="true" signature="beforeMethod()[pri:0, instance:test.selenium_automation.AnnotationTestNG@3d285d7e]" started-at="2026-05-21T09:05:52 IST" name="beforeMethod" finished-at="2026-05-21T09:05:52 IST" duration-ms="1" status="PASS">
          <reporter-output>
          </reporter-output>
        </test-method> <!-- beforeMethod -->
        <test-method signature="demo()[pri:0, instance:test.selenium_automation.AnnotationTestNG@3d285d7e]" started-at="2026-05-21T09:05:52 IST" name="demo" finished-at="2026-05-21T09:05:52 IST" duration-ms="12" status="PASS">
          <reporter-output>
          </reporter-output>
        </test-method> <!-- demo -->
        <test-method is-config="true" signature="AfterMethod()[pri:0, instance:test.selenium_automation.AnnotationTestNG@3d285d7e]" started-at="2026-05-21T09:05:52 IST" name="AfterMethod" finished-at="2026-05-21T09:05:52 IST" duration-ms="1" status="PASS">
          <reporter-output>
          </reporter-output>
        </test-method> <!-- AfterMethod -->
        <test-method is-config="true" signature="AfterClass()[pri:0, instance:test.selenium_automation.AnnotationTestNG@3d285d7e]" started-at="2026-05-21T09:05:52 IST" name="AfterClass" finished-at="2026-05-21T09:05:52 IST" duration-ms="1" status="PASS">
          <reporter-output>
          </reporter-output>
        </test-method> <!-- AfterClass -->
        <test-method is-config="true" signature="display()[pri:0, instance:test.selenium_automation.AnnotationTestNG@3d285d7e]" started-at="2026-05-21T09:05:52 IST" name="display" finished-at="2026-05-21T09:05:52 IST" duration-ms="1" status="PASS">
          <reporter-output>
          </reporter-output>
        </test-method> <!-- display -->
        <test-method is-config="true" signature="afterSuite()[pri:0, instance:test.selenium_automation.AnnotationTestNG@3d285d7e]" started-at="2026-05-21T09:05:52 IST" name="afterSuite" finished-at="2026-05-21T09:05:52 IST" duration-ms="0" status="PASS">
          <reporter-output>
          </reporter-output>
        </test-method> <!-- afterSuite -->
      </class> <!-- test.selenium_automation.AnnotationTestNG -->
    </test> <!-- Default test -->
  </suite> <!-- Default suite -->
</testng-results>
