<?xml version="1.0" encoding="UTF-8"?>
<!-- Generated by org.testng.reporters.JUnitXMLReporter -->
<testsuite ignored="0" hostname="HarshadaM" failures="2" tests="3" name="TestNG_Test" time="11.15" errors="0" timestamp="2026-05-25T15:18:32 IST">
  <testcase classname="listnerTestNG.TestExample" name="failTest" time="5.293">
    <failure type="java.lang.AssertionError" message="expected [XYZ] but found [ABC]">
      <![CDATA[java.lang.AssertionError: expected [XYZ] but found [ABC]
at listnerTestNG.TestExample.failTest(TestExample.java:27)
at java.base/java.util.ArrayList.forEach(ArrayList.java:1597)
... Removed 31 stack frames]]>
    </failure>
  </testcase> <!-- failTest -->
  <testcase classname="listnerTestNG.TestExample" name="passTest" time="3.507"/>
  <testcase classname="listnerTestNG.GoogleTest" name="titleTest" time="1.843">
    <failure type="java.lang.AssertionError" message="expected [Incorrect Title] but found [Google]">
      <![CDATA[java.lang.AssertionError: expected [Incorrect Title] but found [Google]
at listnerTestNG.GoogleTest.titleTest(GoogleTest.java:18)
at java.base/java.util.ArrayList.forEach(ArrayList.java:1597)
... Removed 31 stack frames]]>
    </failure>
  </testcase> <!-- titleTest -->
</testsuite> <!-- TestNG_Test -->
