<?xml version="1.0" encoding="UTF-8"?>
<!-- Generated by org.testng.reporters.JUnitXMLReporter -->
<testsuite ignored="0" hostname="HarshadaM" failures="0" tests="4" name="TtestNG_est" time="12.933" errors="0" timestamp="2026-05-20T12:00:01 IST">
  <testcase classname="test.selenium_automation.FirstProjectTestNG" name="Third" time="0.025"/>
  <testcase classname="test.selenium_automation.FirstProjectTestNG" name="first" time="0.004"/>
  <testcase classname="test.selenium_automation.FirstProjectTestNG" name="second" time="0.004"/>
  <testcase classname="test.selenium_automation.ohrmlogin" name="logintest" time="0.756"/>
</testsuite> <!-- TtestNG_est -->
